This is pdfTeX, Version 3.14159265-2.6-1.40.21 (TeX Live 2020) (preloaded format=pdflatex 2020.4.7)  22 APR 2021 08:46
entering extended mode
 \write18 enabled.
 file:line:error style messages enabled.
 %&-line parsing enabled.
**StudyGuideCh11a.tex
(./StudyGuideCh11a.tex
LaTeX2e <2020-02-02> patch level 5
L3 programming layer <2020-03-06> (/Users/jensen/Library/texmf/tex/latex/pajarticle.cls
Document Class: pajarticle 
(/usr/local/texlive/2020/texmf-dist/tex/latex/base/ifthen.sty
Package: ifthen 2014/09/29 v1.1c Standard LaTeX ifthen package (DPC)
) (/usr/local/texlive/2020/texmf-dist/tex/latex/base/article.cls
Document Class: article 2019/12/20 v1.4l Standard LaTeX document class
(/usr/local/texlive/2020/texmf-dist/tex/latex/base/size12.clo
File: size12.clo 2019/12/20 v1.4l Standard LaTeX file (size option)
)
\c@part=\count167
\c@section=\count168
\c@subsection=\count169
\c@subsubsection=\count170
\c@paragraph=\count171
\c@subparagraph=\count172
\c@figure=\count173
\c@table=\count174
\abovecaptionskip=\skip47
\belowcaptionskip=\skip48
\bibindent=\dimen134
) (/usr/local/texlive/2020/texmf-dist/tex/latex/graphics/graphicx.sty
Package: graphicx 2019/11/30 v1.2a Enhanced LaTeX Graphics (DPC,SPQR)
 (/usr/local/texlive/2020/texmf-dist/tex/latex/graphics/keyval.sty
Package: keyval 2014/10/28 v1.15 key=value parser (DPC)
\KV@toks@=\toks15
) (/usr/local/texlive/2020/texmf-dist/tex/latex/graphics/graphics.sty
Package: graphics 2019/11/30 v1.4a Standard LaTeX Graphics (DPC,SPQR)
 (/usr/local/texlive/2020/texmf-dist/tex/latex/graphics/trig.sty
Package: trig 2016/01/03 v1.10 sin cos tan (DPC)
) (/usr/local/texlive/2020/texmf-dist/tex/latex/graphics-cfg/graphics.cfg
File: graphics.cfg 2016/06/04 v1.11 sample graphics configuration
)
Package graphics Info: Driver file: pdftex.def on input line 105.
 (/usr/local/texlive/2020/texmf-dist/tex/latex/graphics-def/pdftex.def
File: pdftex.def 2018/01/08 v1.0l Graphics/color driver for pdftex
))
\Gin@req@height=\dimen135
\Gin@req@width=\dimen136
) (/usr/local/texlive/2020/texmf-dist/tex/latex/ragged2e/ragged2e.sty
Package: ragged2e 2019/07/28 v2.2 ragged2e Package (MS)
 (/usr/local/texlive/2020/texmf-dist/tex/latex/ms/everysel.sty
Package: everysel 2011/10/28 v1.2 EverySelectfont Package (MS)
)
\CenteringLeftskip=\skip49
\RaggedLeftLeftskip=\skip50
\RaggedRightLeftskip=\skip51
\CenteringRightskip=\skip52
\RaggedLeftRightskip=\skip53
\RaggedRightRightskip=\skip54
\CenteringParfillskip=\skip55
\RaggedLeftParfillskip=\skip56
\RaggedRightParfillskip=\skip57
\JustifyingParfillskip=\skip58
\CenteringParindent=\skip59
\RaggedLeftParindent=\skip60
\RaggedRightParindent=\skip61
\JustifyingParindent=\skip62
)) (/Users/jensen/Library/texmf/tex/latex/lads.sty (/usr/local/texlive/2020/texmf-dist/tex/latex/amsmath/amsmath.sty
Package: amsmath 2020/01/20 v2.17e AMS math features
\@mathmargin=\skip63

For additional information on amsmath, use the `?' option.
(/usr/local/texlive/2020/texmf-dist/tex/latex/amsmath/amstext.sty
Package: amstext 2000/06/29 v2.01 AMS text
 (/usr/local/texlive/2020/texmf-dist/tex/latex/amsmath/amsgen.sty
File: amsgen.sty 1999/11/30 v2.0 generic functions
\@emptytoks=\toks16
\ex@=\dimen137
)) (/usr/local/texlive/2020/texmf-dist/tex/latex/amsmath/amsbsy.sty
Package: amsbsy 1999/11/29 v1.2d Bold Symbols
\pmbraise@=\dimen138
) (/usr/local/texlive/2020/texmf-dist/tex/latex/amsmath/amsopn.sty
Package: amsopn 2016/03/08 v2.02 operator names
)
\inf@bad=\count175
LaTeX Info: Redefining \frac on input line 227.
\uproot@=\count176
\leftroot@=\count177
LaTeX Info: Redefining \overline on input line 389.
\classnum@=\count178
\DOTSCASE@=\count179
LaTeX Info: Redefining \ldots on input line 486.
LaTeX Info: Redefining \dots on input line 489.
LaTeX Info: Redefining \cdots on input line 610.
\Mathstrutbox@=\box45
\strutbox@=\box46
\big@size=\dimen139
LaTeX Font Info:    Redeclaring font encoding OML on input line 733.
LaTeX Font Info:    Redeclaring font encoding OMS on input line 734.
\macc@depth=\count180
\c@MaxMatrixCols=\count181
\dotsspace@=\muskip16
\c@parentequation=\count182
\dspbrk@lvl=\count183
\tag@help=\toks17
\row@=\count184
\column@=\count185
\maxfields@=\count186
\andhelp@=\toks18
\eqnshift@=\dimen140
\alignsep@=\dimen141
\tagshift@=\dimen142
\tagwidth@=\dimen143
\totwidth@=\dimen144
\lineht@=\dimen145
\@envbody=\toks19
\multlinegap=\skip64
\multlinetaggap=\skip65
\mathdisplay@stack=\toks20
LaTeX Info: Redefining \[ on input line 2859.
LaTeX Info: Redefining \] on input line 2860.
) (/usr/local/texlive/2020/texmf-dist/tex/latex/amsfonts/amssymb.sty
Package: amssymb 2013/01/14 v3.01 AMS font symbols
 (/usr/local/texlive/2020/texmf-dist/tex/latex/amsfonts/amsfonts.sty
Package: amsfonts 2013/01/14 v3.01 Basic AMSFonts support
\symAMSa=\mathgroup4
\symAMSb=\mathgroup5
LaTeX Font Info:    Redeclaring math symbol \hbar on input line 98.
LaTeX Font Info:    Overwriting math alphabet `\mathfrak' in version `bold'
(Font)                  U/euf/m/n --> U/euf/b/n on input line 106.
)) (/usr/local/texlive/2020/texmf-dist/tex/latex/amscls/amsthm.sty
Package: amsthm 2017/10/31 v2.20.4
\thm@style=\toks21
\thm@bodyfont=\toks22
\thm@headfont=\toks23
\thm@notefont=\toks24
\thm@headpunct=\toks25
\thm@preskip=\skip66
\thm@postskip=\skip67
\thm@headsep=\skip68
\dth@everypar=\toks26
) (/usr/local/texlive/2020/texmf-dist/tex/latex/newpx/newpxtext.sty
Package: newpxtext 2017/08/18 v1.321
 `newpxtext' v1.321, 2017/08/18 Text macros taking advantage of TeXGyre Pagella and its extensions (msharpe) (/usr/local/texlive/2020/texmf-dist/tex/latex/fontaxes/fontaxes.sty
Package: fontaxes 2014/03/23 v1.0d Font selection axes
LaTeX Info: Redefining \upshape on input line 29.
LaTeX Info: Redefining \itshape on input line 31.
LaTeX Info: Redefining \slshape on input line 33.
LaTeX Info: Redefining \swshape on input line 35.
LaTeX Info: Redefining \scshape on input line 37.
LaTeX Info: Redefining \sscshape on input line 39.
LaTeX Info: Redefining \ulcshape on input line 41.
LaTeX Info: Redefining \textsw on input line 47.
LaTeX Info: Redefining \textssc on input line 48.
LaTeX Info: Redefining \textulc on input line 49.
) (/usr/local/texlive/2020/texmf-dist/tex/latex/xkeyval/xkeyval.sty
Package: xkeyval 2014/12/03 v2.7a package option processing (HA)
 (/usr/local/texlive/2020/texmf-dist/tex/generic/xkeyval/xkeyval.tex (/usr/local/texlive/2020/texmf-dist/tex/generic/xkeyval/xkvutils.tex
\XKV@toks=\toks27
\XKV@tempa@toks=\toks28
)
\XKV@depth=\count187
File: xkeyval.tex 2014/12/03 v2.7a key=value parser (HA)
)) (/usr/local/texlive/2020/texmf-dist/tex/latex/etoolbox/etoolbox.sty
Package: etoolbox 2019/09/21 v2.5h e-TeX tools for LaTeX (JAW)
\etb@tempcnta=\count188
) (/usr/local/texlive/2020/texmf-dist/tex/latex/base/fontenc.sty
Package: fontenc 2020/02/11 v2.0o Standard LaTeX package
LaTeX Font Info:    Trying to load font information for T1+zpltlf on input line 112.
 (/usr/local/texlive/2020/texmf-dist/tex/latex/newpx/t1zpltlf.fd
File: t1zpltlf.fd 2015/01/17 v1.0 font definition file for T1/zpl/tlf
)
LaTeX Font Info:    Font shape `T1/zpltlf/m/n' will be
(Font)              scaled to size 12.0pt on input line 112.
) (/usr/local/texlive/2020/texmf-dist/tex/latex/base/textcomp.sty
Package: textcomp 2020/02/02 v2.0n Standard LaTeX package
)) (/usr/local/texlive/2020/texmf-dist/tex/latex/newpx/newpxmath.sty
Package: newpxmath 2020/01/09 v1.409
 `newpxmath' v1.409, 2020/01/09 Math macros based on pxfonts (msharpe) (/usr/local/texlive/2020/texmf-dist/tex/generic/kastrup/binhex.tex) (/usr/local/texlive/2020/texmf-dist/tex/latex/oberdiek/centernot.sty
Package: centernot 2016/05/16 v1.4 Centers the not symbol horizontally (HO)
)
\px@tA=\toks29
\px@tB=\toks30
\px@su=\read2
\px@Isdigit=\count189
LaTeX Font Info:    Redeclaring symbol font `operators' on input line 194.
LaTeX Font Info:    Overwriting symbol font `operators' in version `normal'
(Font)                  OT1/cmr/m/n --> OT1/zpltlf/m/n on input line 194.
LaTeX Font Info:    Overwriting symbol font `operators' in version `bold'
(Font)                  OT1/cmr/bx/n --> OT1/zpltlf/m/n on input line 194.
LaTeX Font Info:    Overwriting symbol font `operators' in version `bold'
(Font)                  OT1/zpltlf/m/n --> OT1/zpltlf/b/n on input line 195.
LaTeX Font Info:    Redeclaring math alphabet \mathsf on input line 198.
LaTeX Font Info:    Overwriting math alphabet `\mathsf' in version `normal'
(Font)                  OT1/cmss/m/n --> T1/qhv/m/n on input line 198.
LaTeX Font Info:    Overwriting math alphabet `\mathsf' in version `bold'
(Font)                  OT1/cmss/bx/n --> T1/qhv/m/n on input line 198.
LaTeX Font Info:    Redeclaring math alphabet \mathit on input line 199.
LaTeX Font Info:    Overwriting math alphabet `\mathit' in version `normal'
(Font)                  OT1/cmr/m/it --> OT1/zpltlf/m/it on input line 199.
LaTeX Font Info:    Overwriting math alphabet `\mathit' in version `bold'
(Font)                  OT1/cmr/bx/it --> OT1/zpltlf/m/it on input line 199.
LaTeX Font Info:    Redeclaring math alphabet \mathtt on input line 200.
LaTeX Font Info:    Overwriting math alphabet `\mathtt' in version `normal'
(Font)                  OT1/cmtt/m/n --> T1/npxtt/m/n on input line 200.
LaTeX Font Info:    Overwriting math alphabet `\mathtt' in version `bold'
(Font)                  OT1/cmtt/m/n --> T1/npxtt/m/n on input line 200.
LaTeX Font Info:    Redeclaring math alphabet \mathbf on input line 202.
LaTeX Font Info:    Overwriting math alphabet `\mathbf' in version `normal'
(Font)                  OT1/cmr/bx/n --> OT1/zpltlf/b/n on input line 202.
LaTeX Font Info:    Overwriting math alphabet `\mathbf' in version `bold'
(Font)                  OT1/cmr/bx/n --> OT1/zpltlf/b/n on input line 202.
LaTeX Font Info:    Overwriting math alphabet `\mathit' in version `bold'
(Font)                  OT1/zpltlf/m/it --> OT1/zpltlf/b/it on input line 203.
LaTeX Font Info:    Overwriting math alphabet `\mathsf' in version `bold'
(Font)                  T1/qhv/m/n --> T1/qhv/b/n on input line 205.
LaTeX Font Info:    Overwriting math alphabet `\mathtt' in version `bold'
(Font)                  T1/npxtt/m/n --> T1/npxtt/b/n on input line 206.
LaTeX Font Info:    Redeclaring symbol font `letters' on input line 217.
LaTeX Font Info:    Overwriting symbol font `letters' in version `normal'
(Font)                  OML/cmm/m/it --> OML/npxmi/m/it on input line 217.
LaTeX Font Info:    Overwriting symbol font `letters' in version `bold'
(Font)                  OML/cmm/b/it --> OML/npxmi/m/it on input line 217.
LaTeX Font Info:    Overwriting symbol font `letters' in version `bold'
(Font)                  OML/npxmi/m/it --> OML/npxmi/b/it on input line 218.
\symlettersA=\mathgroup6
LaTeX Font Info:    Overwriting symbol font `lettersA' in version `bold'
(Font)                  U/npxmia/m/it --> U/npxmia/b/it on input line 236.
LaTeX Font Info:    Redeclaring math alphabet \mathfrak on input line 238.
Now handling font encoding LMS ...
... no UTF-8 mapping file for font encoding LMS
LaTeX Font Info:    Redeclaring symbol font `symbols' on input line 246.
LaTeX Font Info:    Encoding `OMS' has changed to `LMS' for symbol font
(Font)              `symbols' in the math version `normal' on input line 246.
LaTeX Font Info:    Overwriting symbol font `symbols' in version `normal'
(Font)                  OMS/cmsy/m/n --> LMS/npxsy/m/n on input line 246.
LaTeX Font Info:    Encoding `OMS' has changed to `LMS' for symbol font
(Font)              `symbols' in the math version `bold' on input line 246.
LaTeX Font Info:    Overwriting symbol font `symbols' in version `bold'
(Font)                  OMS/cmsy/b/n --> LMS/npxsy/m/n on input line 246.
LaTeX Font Info:    Overwriting symbol font `symbols' in version `bold'
(Font)                  LMS/npxsy/m/n --> LMS/npxsy/b/n on input line 247.
\symAMSm=\mathgroup7
LaTeX Font Info:    Overwriting symbol font `AMSm' in version `bold'
(Font)                  U/npxsym/m/n --> U/npxsym/b/n on input line 265.
\symsymbolsC=\mathgroup8
LaTeX Font Info:    Overwriting symbol font `symbolsC' in version `bold'
(Font)                  U/npxsyc/m/n --> U/npxsyc/b/n on input line 287.
Now handling font encoding LMX ...
... no UTF-8 mapping file for font encoding LMX
LaTeX Font Info:    Redeclaring symbol font `largesymbols' on input line 307.
LaTeX Font Info:    Encoding `OMX' has changed to `LMX' for symbol font
(Font)              `largesymbols' in the math version `normal' on input line 307.
LaTeX Font Info:    Overwriting symbol font `largesymbols' in version `normal'
(Font)                  OMX/cmex/m/n --> LMX/npxexx/m/n on input line 307.
LaTeX Font Info:    Encoding `OMX' has changed to `LMX' for symbol font
(Font)              `largesymbols' in the math version `bold' on input line 307.
LaTeX Font Info:    Overwriting symbol font `largesymbols' in version `bold'
(Font)                  OMX/cmex/m/n --> LMX/npxexx/m/n on input line 307.
LaTeX Font Info:    Overwriting symbol font `largesymbols' in version `bold'
(Font)                  LMX/npxexx/m/n --> LMX/npxexx/b/n on input line 308.
\symlargesymbolsPXA=\mathgroup9
LaTeX Font Info:    Overwriting symbol font `largesymbolsPXA' in version `bold'
(Font)                  U/npxexa/m/n --> U/npxexa/b/n on input line 315.
\px@cntz=\count190
\px@IsAlNum=\count191
\px@sbptoks=\toks31
LaTeX Font Info:    Redeclaring math delimiter \lfloor on input line 470.
LaTeX Font Info:    Redeclaring math delimiter \rfloor on input line 471.
LaTeX Font Info:    Redeclaring math delimiter \lceil on input line 472.
LaTeX Font Info:    Redeclaring math delimiter \rceil on input line 473.
LaTeX Font Info:    Redeclaring math delimiter \lbrace on input line 474.
LaTeX Font Info:    Redeclaring math delimiter \rbrace on input line 475.
LaTeX Font Info:    Redeclaring math delimiter \langle on input line 476.
LaTeX Font Info:    Redeclaring math delimiter \rangle on input line 478.
LaTeX Font Info:    Redeclaring math delimiter \arrowvert on input line 482.
LaTeX Font Info:    Redeclaring math delimiter \vert on input line 483.
LaTeX Font Info:    Redeclaring math symbol \parallel on input line 484.
LaTeX Font Info:    Redeclaring math delimiter \Arrowvert on input line 485.
LaTeX Font Info:    Redeclaring math accent \grave on input line 525.
LaTeX Font Info:    Redeclaring math accent \acute on input line 526.
LaTeX Font Info:    Redeclaring math accent \hat on input line 527.
LaTeX Font Info:    Redeclaring math accent \tilde on input line 528.
LaTeX Font Info:    Redeclaring math accent \bar on input line 529.
LaTeX Font Info:    Redeclaring math accent \breve on input line 530.
LaTeX Font Info:    Redeclaring math accent \mathring on input line 531.
LaTeX Font Info:    Redeclaring math accent \check on input line 532.
LaTeX Font Info:    Redeclaring math accent \dot on input line 536.
LaTeX Font Info:    Redeclaring math accent \ddot on input line 537.
LaTeX Font Info:    Redeclaring math accent \vec on input line 1579.
\npx@numstart=\count192
\npx@UCstart=\count193
\npx@lcstart=\count194
\npx@tmpc=\count195
\npx@imath=\count196
\npx@jmath=\count197
LaTeX Info: Redefining \not on input line 2132.
LaTeX Info: Redefining \textsquare on input line 2147.
LaTeX Info: Redefining \openbox on input line 2149.
) (/usr/local/texlive/2020/texmf-dist/tex/latex/pgf/frontendlayer/tikz.sty (/usr/local/texlive/2020/texmf-dist/tex/latex/pgf/basiclayer/pgf.sty (/usr/local/texlive/2020/texmf-dist/tex/latex/pgf/utilities/pgfrcs.sty (/usr/local/texlive/2020/texmf-dist/tex/generic/pgf/utilities/pgfutil-common.tex
\pgfutil@everybye=\toks32
\pgfutil@tempdima=\dimen146
\pgfutil@tempdimb=\dimen147
 (/usr/local/texlive/2020/texmf-dist/tex/generic/pgf/utilities/pgfutil-common-lists.tex)) (/usr/local/texlive/2020/texmf-dist/tex/generic/pgf/utilities/pgfutil-latex.def
\pgfutil@abb=\box47
 (/usr/local/texlive/2020/texmf-dist/tex/latex/ms/everyshi.sty
Package: everyshi 2001/05/15 v3.00 EveryShipout Package (MS)
))
(/usr/local/texlive/2020/texmf-dist/tex/generic/pgf/utilities/pgfrcs.code.tex (/usr/local/texlive/2020/texmf-dist/tex/generic/pgf/pgf.revision.tex)
Package: pgfrcs 2020/01/08 v3.1.5b (3.1.5b)
))
Package: pgf 2020/01/08 v3.1.5b (3.1.5b)
 (/usr/local/texlive/2020/texmf-dist/tex/latex/pgf/basiclayer/pgfcore.sty (/usr/local/texlive/2020/texmf-dist/tex/latex/pgf/systemlayer/pgfsys.sty (/usr/local/texlive/2020/texmf-dist/tex/generic/pgf/systemlayer/pgfsys.code.tex
Package: pgfsys 2020/01/08 v3.1.5b (3.1.5b)
 (/usr/local/texlive/2020/texmf-dist/tex/generic/pgf/utilities/pgfkeys.code.tex
\pgfkeys@pathtoks=\toks33
\pgfkeys@temptoks=\toks34
 (/usr/local/texlive/2020/texmf-dist/tex/generic/pgf/utilities/pgfkeysfiltered.code.tex
\pgfkeys@tmptoks=\toks35
))
\pgf@x=\dimen148
\pgf@y=\dimen149
\pgf@xa=\dimen150
\pgf@ya=\dimen151
\pgf@xb=\dimen152
\pgf@yb=\dimen153
\pgf@xc=\dimen154
\pgf@yc=\dimen155
\pgf@xd=\dimen156
\pgf@yd=\dimen157
\w@pgf@writea=\write3
\r@pgf@reada=\read3
\c@pgf@counta=\count198
\c@pgf@countb=\count199
\c@pgf@countc=\count266
\c@pgf@countd=\count267
\t@pgf@toka=\toks36
\t@pgf@tokb=\toks37
\t@pgf@tokc=\toks38
\pgf@sys@id@count=\count268
 (/usr/local/texlive/2020/texmf-dist/tex/generic/pgf/systemlayer/pgf.cfg
File: pgf.cfg 2020/01/08 v3.1.5b (3.1.5b)
)
Driver file for pgf: pgfsys-pdftex.def
 (/usr/local/texlive/2020/texmf-dist/tex/generic/pgf/systemlayer/pgfsys-pdftex.def
File: pgfsys-pdftex.def 2020/01/08 v3.1.5b (3.1.5b)
 (/usr/local/texlive/2020/texmf-dist/tex/generic/pgf/systemlayer/pgfsys-common-pdf.def
File: pgfsys-common-pdf.def 2020/01/08 v3.1.5b (3.1.5b)
))) (/usr/local/texlive/2020/texmf-dist/tex/generic/pgf/systemlayer/pgfsyssoftpath.code.tex
File: pgfsyssoftpath.code.tex 2020/01/08 v3.1.5b (3.1.5b)
\pgfsyssoftpath@smallbuffer@items=\count269
\pgfsyssoftpath@bigbuffer@items=\count270
) (/usr/local/texlive/2020/texmf-dist/tex/generic/pgf/systemlayer/pgfsysprotocol.code.tex
File: pgfsysprotocol.code.tex 2020/01/08 v3.1.5b (3.1.5b)
)) (/usr/local/texlive/2020/texmf-dist/tex/latex/xcolor/xcolor.sty
Package: xcolor 2016/05/11 v2.12 LaTeX color extensions (UK)
 (/usr/local/texlive/2020/texmf-dist/tex/latex/graphics-cfg/color.cfg
File: color.cfg 2016/01/02 v1.6 sample color configuration
)
Package xcolor Info: Driver file: pdftex.def on input line 225.
Package xcolor Info: Model `cmy' substituted by `cmy0' on input line 1348.
Package xcolor Info: Model `hsb' substituted by `rgb' on input line 1352.
Package xcolor Info: Model `RGB' extended on input line 1364.
Package xcolor Info: Model `HTML' substituted by `rgb' on input line 1366.
Package xcolor Info: Model `Hsb' substituted by `hsb' on input line 1367.
Package xcolor Info: Model `tHsb' substituted by `hsb' on input line 1368.
Package xcolor Info: Model `HSB' substituted by `hsb' on input line 1369.
Package xcolor Info: Model `Gray' substituted by `gray' on input line 1370.
Package xcolor Info: Model `wave' substituted by `hsb' on input line 1371.
) (/usr/local/texlive/2020/texmf-dist/tex/generic/pgf/basiclayer/pgfcore.code.tex
Package: pgfcore 2020/01/08 v3.1.5b (3.1.5b)
 (/usr/local/texlive/2020/texmf-dist/tex/generic/pgf/math/pgfmath.code.tex (/usr/local/texlive/2020/texmf-dist/tex/generic/pgf/math/pgfmathcalc.code.tex (/usr/local/texlive/2020/texmf-dist/tex/generic/pgf/math/pgfmathutil.code.tex) (/usr/local/texlive/2020/texmf-dist/tex/generic/pgf/math/pgfmathparser.code.tex
\pgfmath@dimen=\dimen158
\pgfmath@count=\count271
\pgfmath@box=\box48
\pgfmath@toks=\toks39
\pgfmath@stack@operand=\toks40
\pgfmath@stack@operation=\toks41
) (/usr/local/texlive/2020/texmf-dist/tex/generic/pgf/math/pgfmathfunctions.code.tex (/usr/local/texlive/2020/texmf-dist/tex/generic/pgf/math/pgfmathfunctions.basic.code.tex) (/usr/local/texlive/2020/texmf-dist/tex/generic/pgf/math/pgfmathfunctions.trigonometric.code.tex) (/usr/local/texlive/2020/texmf-dist/tex/generic/pgf/math/pgfmathfunctions.random.code.tex) (/usr/local/texlive/2020/texmf-dist/tex/generic/pgf/math/pgfmathfunctions.comparison.code.tex) (/usr/local/texlive/2020/texmf-dist/tex/generic/pgf/math/pgfmathfunctions.base.code.tex)
(/usr/local/texlive/2020/texmf-dist/tex/generic/pgf/math/pgfmathfunctions.round.code.tex) (/usr/local/texlive/2020/texmf-dist/tex/generic/pgf/math/pgfmathfunctions.misc.code.tex) (/usr/local/texlive/2020/texmf-dist/tex/generic/pgf/math/pgfmathfunctions.integerarithmetics.code.tex))) (/usr/local/texlive/2020/texmf-dist/tex/generic/pgf/math/pgfmathfloat.code.tex
\c@pgfmathroundto@lastzeros=\count272
)) (/usr/local/texlive/2020/texmf-dist/tex/generic/pgf/math/pgfint.code.tex) (/usr/local/texlive/2020/texmf-dist/tex/generic/pgf/basiclayer/pgfcorepoints.code.tex
File: pgfcorepoints.code.tex 2020/01/08 v3.1.5b (3.1.5b)
\pgf@picminx=\dimen159
\pgf@picmaxx=\dimen160
\pgf@picminy=\dimen161
\pgf@picmaxy=\dimen162
\pgf@pathminx=\dimen163
\pgf@pathmaxx=\dimen164
\pgf@pathminy=\dimen165
\pgf@pathmaxy=\dimen166
\pgf@xx=\dimen167
\pgf@xy=\dimen168
\pgf@yx=\dimen169
\pgf@yy=\dimen170
\pgf@zx=\dimen171
\pgf@zy=\dimen172
) (/usr/local/texlive/2020/texmf-dist/tex/generic/pgf/basiclayer/pgfcorepathconstruct.code.tex
File: pgfcorepathconstruct.code.tex 2020/01/08 v3.1.5b (3.1.5b)
\pgf@path@lastx=\dimen173
\pgf@path@lasty=\dimen174
) (/usr/local/texlive/2020/texmf-dist/tex/generic/pgf/basiclayer/pgfcorepathusage.code.tex
File: pgfcorepathusage.code.tex 2020/01/08 v3.1.5b (3.1.5b)
\pgf@shorten@end@additional=\dimen175
\pgf@shorten@start@additional=\dimen176
) (/usr/local/texlive/2020/texmf-dist/tex/generic/pgf/basiclayer/pgfcorescopes.code.tex
File: pgfcorescopes.code.tex 2020/01/08 v3.1.5b (3.1.5b)
\pgfpic=\box49
\pgf@hbox=\box50
\pgf@layerbox@main=\box51
\pgf@picture@serial@count=\count273
) (/usr/local/texlive/2020/texmf-dist/tex/generic/pgf/basiclayer/pgfcoregraphicstate.code.tex
File: pgfcoregraphicstate.code.tex 2020/01/08 v3.1.5b (3.1.5b)
\pgflinewidth=\dimen177
) (/usr/local/texlive/2020/texmf-dist/tex/generic/pgf/basiclayer/pgfcoretransformations.code.tex
File: pgfcoretransformations.code.tex 2020/01/08 v3.1.5b (3.1.5b)
\pgf@pt@x=\dimen178
\pgf@pt@y=\dimen179
\pgf@pt@temp=\dimen180
) (/usr/local/texlive/2020/texmf-dist/tex/generic/pgf/basiclayer/pgfcorequick.code.tex
File: pgfcorequick.code.tex 2020/01/08 v3.1.5b (3.1.5b)
) (/usr/local/texlive/2020/texmf-dist/tex/generic/pgf/basiclayer/pgfcoreobjects.code.tex
File: pgfcoreobjects.code.tex 2020/01/08 v3.1.5b (3.1.5b)
) (/usr/local/texlive/2020/texmf-dist/tex/generic/pgf/basiclayer/pgfcorepathprocessing.code.tex
File: pgfcorepathprocessing.code.tex 2020/01/08 v3.1.5b (3.1.5b)
) (/usr/local/texlive/2020/texmf-dist/tex/generic/pgf/basiclayer/pgfcorearrows.code.tex
File: pgfcorearrows.code.tex 2020/01/08 v3.1.5b (3.1.5b)
\pgfarrowsep=\dimen181
) (/usr/local/texlive/2020/texmf-dist/tex/generic/pgf/basiclayer/pgfcoreshade.code.tex
File: pgfcoreshade.code.tex 2020/01/08 v3.1.5b (3.1.5b)
\pgf@max=\dimen182
\pgf@sys@shading@range@num=\count274
\pgf@shadingcount=\count275
) (/usr/local/texlive/2020/texmf-dist/tex/generic/pgf/basiclayer/pgfcoreimage.code.tex
File: pgfcoreimage.code.tex 2020/01/08 v3.1.5b (3.1.5b)
 (/usr/local/texlive/2020/texmf-dist/tex/generic/pgf/basiclayer/pgfcoreexternal.code.tex
File: pgfcoreexternal.code.tex 2020/01/08 v3.1.5b (3.1.5b)
\pgfexternal@startupbox=\box52
)) (/usr/local/texlive/2020/texmf-dist/tex/generic/pgf/basiclayer/pgfcorelayers.code.tex
File: pgfcorelayers.code.tex 2020/01/08 v3.1.5b (3.1.5b)
) (/usr/local/texlive/2020/texmf-dist/tex/generic/pgf/basiclayer/pgfcoretransparency.code.tex
File: pgfcoretransparency.code.tex 2020/01/08 v3.1.5b (3.1.5b)
) (/usr/local/texlive/2020/texmf-dist/tex/generic/pgf/basiclayer/pgfcorepatterns.code.tex
File: pgfcorepatterns.code.tex 2020/01/08 v3.1.5b (3.1.5b)
) (/usr/local/texlive/2020/texmf-dist/tex/generic/pgf/basiclayer/pgfcorerdf.code.tex
File: pgfcorerdf.code.tex 2020/01/08 v3.1.5b (3.1.5b)
))) (/usr/local/texlive/2020/texmf-dist/tex/generic/pgf/modules/pgfmoduleshapes.code.tex
File: pgfmoduleshapes.code.tex 2020/01/08 v3.1.5b (3.1.5b)
\pgfnodeparttextbox=\box53
)
(/usr/local/texlive/2020/texmf-dist/tex/generic/pgf/modules/pgfmoduleplot.code.tex
File: pgfmoduleplot.code.tex 2020/01/08 v3.1.5b (3.1.5b)
) (/usr/local/texlive/2020/texmf-dist/tex/latex/pgf/compatibility/pgfcomp-version-0-65.sty
Package: pgfcomp-version-0-65 2020/01/08 v3.1.5b (3.1.5b)
\pgf@nodesepstart=\dimen183
\pgf@nodesepend=\dimen184
) (/usr/local/texlive/2020/texmf-dist/tex/latex/pgf/compatibility/pgfcomp-version-1-18.sty
Package: pgfcomp-version-1-18 2020/01/08 v3.1.5b (3.1.5b)
)) (/usr/local/texlive/2020/texmf-dist/tex/latex/pgf/utilities/pgffor.sty (/usr/local/texlive/2020/texmf-dist/tex/latex/pgf/utilities/pgfkeys.sty (/usr/local/texlive/2020/texmf-dist/tex/generic/pgf/utilities/pgfkeys.code.tex)) (/usr/local/texlive/2020/texmf-dist/tex/latex/pgf/math/pgfmath.sty (/usr/local/texlive/2020/texmf-dist/tex/generic/pgf/math/pgfmath.code.tex)) (/usr/local/texlive/2020/texmf-dist/tex/generic/pgf/utilities/pgffor.code.tex
Package: pgffor 2020/01/08 v3.1.5b (3.1.5b)
 (/usr/local/texlive/2020/texmf-dist/tex/generic/pgf/math/pgfmath.code.tex)
\pgffor@iter=\dimen185
\pgffor@skip=\dimen186
\pgffor@stack=\toks42
\pgffor@toks=\toks43
)) (/usr/local/texlive/2020/texmf-dist/tex/generic/pgf/frontendlayer/tikz/tikz.code.tex
Package: tikz 2020/01/08 v3.1.5b (3.1.5b)
 (/usr/local/texlive/2020/texmf-dist/tex/generic/pgf/libraries/pgflibraryplothandlers.code.tex
File: pgflibraryplothandlers.code.tex 2020/01/08 v3.1.5b (3.1.5b)
\pgf@plot@mark@count=\count276
\pgfplotmarksize=\dimen187
)
\tikz@lastx=\dimen188
\tikz@lasty=\dimen189
\tikz@lastxsaved=\dimen190
\tikz@lastysaved=\dimen191
\tikz@lastmovetox=\dimen192
\tikz@lastmovetoy=\dimen193
\tikzleveldistance=\dimen194
\tikzsiblingdistance=\dimen195
\tikz@figbox=\box54
\tikz@figbox@bg=\box55
\tikz@tempbox=\box56
\tikz@tempbox@bg=\box57
\tikztreelevel=\count277
\tikznumberofchildren=\count278
\tikznumberofcurrentchild=\count279
\tikz@fig@count=\count280
 (/usr/local/texlive/2020/texmf-dist/tex/generic/pgf/modules/pgfmodulematrix.code.tex
File: pgfmodulematrix.code.tex 2020/01/08 v3.1.5b (3.1.5b)
\pgfmatrixcurrentrow=\count281
\pgfmatrixcurrentcolumn=\count282
\pgf@matrix@numberofcolumns=\count283
)
\tikz@expandcount=\count284
 (/usr/local/texlive/2020/texmf-dist/tex/generic/pgf/frontendlayer/tikz/libraries/tikzlibrarytopaths.code.tex
File: tikzlibrarytopaths.code.tex 2020/01/08 v3.1.5b (3.1.5b)
))) (/usr/local/texlive/2020/texmf-dist/tex/generic/pgf/frontendlayer/tikz/libraries/tikzlibrarymatrix.code.tex
File: tikzlibrarymatrix.code.tex 2020/01/08 v3.1.5b (3.1.5b)
) (/usr/local/texlive/2020/texmf-dist/tex/latex/tikzmark/tikzlibrarytikzmark.code.tex (/usr/local/texlive/2020/texmf-dist/tex/latex/l3kernel/expl3.sty
Package: expl3 2020-03-06 L3 programming layer (loader) 
 (/usr/local/texlive/2020/texmf-dist/tex/latex/l3backend/l3backend-pdfmode.def
File: l3backend-pdfmode.def 2020-03-12 L3 backend support: PDF mode
\l__kernel_color_stack_int=\count285
\l__pdf_internal_box=\box58
)) (/usr/local/texlive/2020/texmf-dist/tex/latex/l3packages/l3keys2e/l3keys2e.sty
Package: l3keys2e 2020-03-06 LaTeX2e option processing using LaTeX3 keys
) (/usr/local/texlive/2020/texmf-dist/tex/latex/l3packages/xparse/xparse.sty
Package: xparse 2020-03-06 L3 Experimental document command parser
\l__xparse_current_arg_int=\count286
\g__xparse_grabber_int=\count287
\l__xparse_m_args_int=\count288
\l__xparse_v_nesting_int=\count289
)
\l__sn_x_dim=\dimen196
\l__sn_y_dim=\dimen197
\l__sn_xa_dim=\dimen198
\l__sn_ya_dim=\dimen199
) (/usr/local/texlive/2020/texmf-dist/tex/generic/pgf/frontendlayer/tikz/libraries/tikzlibrarycalc.code.tex
File: tikzlibrarycalc.code.tex 2020/01/08 v3.1.5b (3.1.5b)
) (/usr/local/texlive/2020/texmf-dist/tex/generic/pgf/libraries/pgflibraryarrows.meta.code.tex
File: pgflibraryarrows.meta.code.tex 2020/01/08 v3.1.5b (3.1.5b)
\pgfarrowinset=\dimen256
\pgfarrowlength=\dimen257
\pgfarrowwidth=\dimen258
\pgfarrowlinewidth=\dimen259
) (/usr/local/texlive/2020/texmf-dist/tex/latex/algorithmicx/algpseudocode.sty
Package: algpseudocode 
 (/usr/local/texlive/2020/texmf-dist/tex/latex/algorithmicx/algorithmicx.sty
Package: algorithmicx 2005/04/27 v1.2 Algorithmicx

Document Style algorithmicx 1.2 - a greatly improved `algorithmic' style
\c@ALG@line=\count290
\c@ALG@rem=\count291
\c@ALG@nested=\count292
\ALG@tlm=\skip69
\ALG@thistlm=\skip70
\c@ALG@Lnr=\count293
\c@ALG@blocknr=\count294
\c@ALG@storecount=\count295
\c@ALG@tmpcounter=\count296
\ALG@tmplength=\skip71
)
Document Style - pseudocode environments for use with the `algorithmicx' style
) (/usr/local/texlive/2020/texmf-dist/tex/latex/was/gensymb.sty
Package: gensymb 2003/07/02 v1.0 (WaS)
) (/usr/local/texlive/2020/texmf-dist/tex/latex/booktabs/booktabs.sty
Package: booktabs 2020/01/12 v1.61803398 Publication quality tables
\heavyrulewidth=\dimen260
\lightrulewidth=\dimen261
\cmidrulewidth=\dimen262
\belowrulesep=\dimen263
\belowbottomsep=\dimen264
\aboverulesep=\dimen265
\abovetopsep=\dimen266
\cmidrulesep=\dimen267
\cmidrulekern=\dimen268
\defaultaddspace=\dimen269
\@cmidla=\count297
\@cmidlb=\count298
\@aboverulesep=\dimen270
\@belowrulesep=\dimen271
\@thisruleclass=\count299
\@lastruleclass=\count300
\@thisrulewidth=\dimen272
) (/usr/local/texlive/2020/texmf-dist/tex/latex/units/units.sty
Package: units 1998/08/04 v0.9b Typesetting units
 (/usr/local/texlive/2020/texmf-dist/tex/latex/units/nicefrac.sty
Package: nicefrac 1998/08/04 v0.9b Nice fractions
\L@UnitsRaiseDisplaystyle=\skip72
\L@UnitsRaiseTextstyle=\skip73
\L@UnitsRaiseScriptstyle=\skip74
)) (/usr/local/texlive/2020/texmf-dist/tex/latex/tools/multicol.sty
Package: multicol 2019/12/09 v1.8y multicolumn formatting (FMi)
\c@tracingmulticols=\count301
\mult@box=\box59
\multicol@leftmargin=\dimen273
\c@unbalance=\count302
\c@collectmore=\count303
\doublecol@number=\count304
\multicoltolerance=\count305
\multicolpretolerance=\count306
\full@width=\dimen274
\page@free=\dimen275
\premulticols=\dimen276
\postmulticols=\dimen277
\multicolsep=\skip75
\multicolbaselineskip=\skip76
\partial@page=\box60
\last@line=\box61
\maxbalancingoverflow=\dimen278
\mult@rightbox=\box62
\mult@grightbox=\box63
\mult@gfirstbox=\box64
\mult@firstbox=\box65
\@tempa=\box66
\@tempa=\box67
\@tempa=\box68
\@tempa=\box69
\@tempa=\box70
\@tempa=\box71
\@tempa=\box72
\@tempa=\box73
\@tempa=\box74
\@tempa=\box75
\@tempa=\box76
\@tempa=\box77
\@tempa=\box78
\@tempa=\box79
\@tempa=\box80
\@tempa=\box81
\@tempa=\box82
\@tempa=\box83
\@tempa=\box84
\@tempa=\box85
\@tempa=\box86
\@tempa=\box87
\@tempa=\box88
\@tempa=\box89
\@tempa=\box90
\@tempa=\box91
\@tempa=\box92
\@tempa=\box93
\@tempa=\box94
\@tempa=\box95
\@tempa=\box96
\@tempa=\box97
\@tempa=\box98
\@tempa=\box99
\@tempa=\box100
\@tempa=\box101
\@tempa=\box102
\c@minrows=\count307
\c@columnbadness=\count308
\c@finalcolumnbadness=\count309
\last@try=\dimen279
\multicolovershoot=\dimen280
\multicolundershoot=\dimen281
\mult@nat@firstbox=\box103
\colbreak@box=\box104
\mc@col@check@num=\count310
) (/usr/local/texlive/2020/texmf-dist/tex/latex/lipsum/lipsum.sty
Package: lipsum 2019/01/02 v2.2 150 paragraphs of Lorem Ipsum dummy text
 (/usr/local/texlive/2020/texmf-dist/tex/latex/lipsum/lipsum.ltd.tex
File: lipsum.ltd.tex 2019/01/02 v2.2 The Lorem ipsum dummy text
)) (/usr/local/texlive/2020/texmf-dist/tex/latex/fancyvrb/fancyvrb.sty
Package: fancyvrb 2020/01/13 v3.5 verbatim text (tvz,hv)
\FV@CodeLineNo=\count311
\FV@InFile=\read4
\FV@TabBox=\box105
\c@FancyVerbLine=\count312
\FV@StepNumber=\count313
\FV@OutFile=\write4
) (/usr/local/texlive/2020/texmf-dist/tex/latex/mathtools/mathtools.sty
Package: mathtools 2020/03/24 v1.24 mathematical typesetting tools
 (/usr/local/texlive/2020/texmf-dist/tex/latex/tools/calc.sty
Package: calc 2017/05/25 v4.3 Infix arithmetic (KKT,FJ)
\calc@Acount=\count314
\calc@Bcount=\count315
\calc@Adimen=\dimen282
\calc@Bdimen=\dimen283
\calc@Askip=\skip77
\calc@Bskip=\skip78
LaTeX Info: Redefining \setlength on input line 80.
LaTeX Info: Redefining \addtolength on input line 81.
\calc@Ccount=\count316
\calc@Cskip=\skip79
) (/usr/local/texlive/2020/texmf-dist/tex/latex/mathtools/mhsetup.sty
Package: mhsetup 2017/03/31 v1.3 programming setup (MH)
)
LaTeX Info: Thecontrolsequence`\('isalreadyrobust on input line 130.
LaTeX Info: Thecontrolsequence`\)'isalreadyrobust on input line 130.
LaTeX Info: Thecontrolsequence`\['isalreadyrobust on input line 130.
LaTeX Info: Thecontrolsequence`\]'isalreadyrobust on input line 130.
\g_MT_multlinerow_int=\count317
\l_MT_multwidth_dim=\dimen284
\origjot=\skip80
\l_MT_shortvdotswithinadjustabove_dim=\dimen285
\l_MT_shortvdotswithinadjustbelow_dim=\dimen286
\l_MT_above_intertext_sep=\dimen287
\l_MT_below_intertext_sep=\dimen288
\l_MT_above_shortintertext_sep=\dimen289
\l_MT_below_shortintertext_sep=\dimen290
\xmathstrut@box=\box106
\xmathstrut@dim=\dimen291
) (/usr/local/texlive/2020/texmf-dist/tex/latex/oubraces/oubraces.sty) (/usr/local/texlive/2020/texmf-dist/tex/latex/tools/array.sty
Package: array 2019/08/31 v2.4l Tabular extension package (FMi)
\col@sep=\dimen292
\ar@mcellbox=\box107
\extrarowheight=\dimen293
\NC@list=\toks44
\extratabsurround=\skip81
\backup@length=\skip82
\ar@cellbox=\box108
)
\mynum=\skip83
) (/Users/jensen/Dropbox/teaching/_2021 BIOE 210/bioe210.github.io/guides/.texpadtmp/StudyGuideCh11a.aux)
\openout1 = `StudyGuideCh11a.aux'.

LaTeX Font Info:    Checking defaults for OML/npxmi/m/it on input line 10.
LaTeX Font Info:    Trying to load font information for OML+npxmi on input line 10.
 (/usr/local/texlive/2020/texmf-dist/tex/latex/newpx/omlnpxmi.fd
File: omlnpxmi.fd 2013/03/21 Fontinst v1.933 font definitions for OML/npxmi.
)
LaTeX Font Info:    ... okay on input line 10.
LaTeX Font Info:    Checking defaults for OMS/cmsy/m/n on input line 10.
LaTeX Font Info:    ... okay on input line 10.
LaTeX Font Info:    Checking defaults for OT1/cmr/m/n on input line 10.
LaTeX Font Info:    ... okay on input line 10.
LaTeX Font Info:    Checking defaults for T1/cmr/m/n on input line 10.
LaTeX Font Info:    ... okay on input line 10.
LaTeX Font Info:    Checking defaults for TS1/cmr/m/n on input line 10.
LaTeX Font Info:    ... okay on input line 10.
LaTeX Font Info:    Checking defaults for OMX/cmex/m/n on input line 10.
LaTeX Font Info:    ... okay on input line 10.
LaTeX Font Info:    Checking defaults for U/npxexa/m/n on input line 10.
LaTeX Font Info:    Trying to load font information for U+npxexa on input line 10.
 (/usr/local/texlive/2020/texmf-dist/tex/latex/newpx/unpxexa.fd
File: unpxexa.fd 2013/03/24 Fontinst v1.933 font definitions for U/npxexa.
)
LaTeX Font Info:    ... okay on input line 10.
LaTeX Font Info:    Checking defaults for LMS/npxsy/m/n on input line 10.
LaTeX Font Info:    Trying to load font information for LMS+npxsy on input line 10.
 (/usr/local/texlive/2020/texmf-dist/tex/latex/newpx/lmsnpxsy.fd
File: lmsnpxsy.fd 2016/07/04 Fontinst v1.933 font definitions for LMS/npxsy.
)
LaTeX Font Info:    ... okay on input line 10.
LaTeX Font Info:    Checking defaults for LMX/npxexx/m/n on input line 10.
LaTeX Font Info:    Trying to load font information for LMX+npxexx on input line 10.
 (/usr/local/texlive/2020/texmf-dist/tex/latex/newpx/lmxnpxexx.fd
File: lmxnpxexx.fd 2016/07/04 Fontinst v1.933 font definitions for LMX/npxexx.
)
LaTeX Font Info:    ... okay on input line 10.
 (/usr/local/texlive/2020/texmf-dist/tex/context/base/mkii/supp-pdf.mkii
[Loading MPS to PDF converter (version 2006.09.02).]
\scratchcounter=\count318
\scratchdimen=\dimen294
\scratchbox=\box109
\nofMPsegments=\count319
\nofMParguments=\count320
\everyMPshowfont=\toks45
\MPscratchCnt=\count321
\MPscratchDim=\dimen295
\MPnumerator=\count322
\makeMPintoPDFobject=\count323
\everyMPtoPDFconversion=\toks46
) (/usr/local/texlive/2020/texmf-dist/tex/latex/epstopdf-pkg/epstopdf-base.sty
Package: epstopdf-base 2020-01-24 v2.11 Base part for package epstopdf
Package epstopdf-base Info: Redefining graphics rule for `.eps' on input line 485.
 (/usr/local/texlive/2020/texmf-dist/tex/latex/latexconfig/epstopdf-sys.cfg
File: epstopdf-sys.cfg 2010/07/13 v1.3 Configuration of (r)epstopdf for TeX Live
)) ABD: EverySelectfont initializing macros
LaTeX Info: Redefining \selectfont on input line 10.
\c@mv@tabular=\count324
\c@mv@boldtabular=\count325
 ABD: EveryShipout initializing macros
\symgns@font=\mathgroup10
LaTeX Font Info:    Overwriting symbol font `gns@font' in version `bold'
(Font)                  TS1/zpltlf/m/n --> TS1/zpltlf/b/n on input line 10.
Package gensymb Info: Math companion symbols declared on input line 10.
LaTeX Info: Redefining \degree on input line 10.
LaTeX Info: Redefining \celsius on input line 10.
Package gensymb Info: Using text companion symbols for \degree, \celsius and \perthousand on input line 10.
LaTeX Info: Redefining \ohm on input line 10.
Package gensymb Info: Using \textohm for \ohm on input line 10.
Package gensymb Info: Using \textmu for \micro on input line 10.
LaTeX Font Info:    Font shape `T1/zpltlf/m/n' will be
(Font)              scaled to size 17.28pt on input line 14.
LaTeX Font Info:    Font shape `T1/zpltlf/b/n' will be
(Font)              scaled to size 17.28pt on input line 14.
LaTeX Font Info:    Font shape `T1/zpltlf/b/n' will be
(Font)              scaled to size 12.0pt on input line 34.
LaTeX Font Info:    Trying to load font information for OT1+zpltlf on input line 34.
 (/usr/local/texlive/2020/texmf-dist/tex/latex/newpx/ot1zpltlf.fd
File: ot1zpltlf.fd 2015/01/17 v1.0 font definition file for OT1/zpl/tlf
)
LaTeX Font Info:    Font shape `OT1/zpltlf/m/n' will be
(Font)              scaled to size 12.0pt on input line 34.
LaTeX Font Info:    Font shape `OT1/zpltlf/m/n' will be
(Font)              scaled to size 8.8pt on input line 34.
LaTeX Font Info:    Font shape `OT1/zpltlf/m/n' will be
(Font)              scaled to size 6.6pt on input line 34.
LaTeX Font Info:    Trying to load font information for U+msa on input line 34.
 (/usr/local/texlive/2020/texmf-dist/tex/latex/amsfonts/umsa.fd
File: umsa.fd 2013/01/14 v3.01 AMS symbols A
)
LaTeX Font Info:    Trying to load font information for U+msb on input line 34.
 (/usr/local/texlive/2020/texmf-dist/tex/latex/amsfonts/umsb.fd
File: umsb.fd 2013/01/14 v3.01 AMS symbols B
)
LaTeX Font Info:    Trying to load font information for U+npxmia on input line 34.
 (/usr/local/texlive/2020/texmf-dist/tex/latex/newpx/unpxmia.fd
File: unpxmia.fd 2013/03/24 Fontinst v1.933 font definitions for U/npxmia.
)
LaTeX Font Info:    Trying to load font information for U+npxsym on input line 34.
 (/usr/local/texlive/2020/texmf-dist/tex/latex/newpx/unpxsym.fd
File: unpxsym.fd 2015/03/21 Fontinst v1.933 font definitions for U/npxsym.
)
LaTeX Font Info:    Trying to load font information for U+npxsyc on input line 34.
 (/usr/local/texlive/2020/texmf-dist/tex/latex/newpx/unpxsyc.fd
File: unpxsyc.fd 2013/03/24 Fontinst v1.933 font definitions for U/npxsyc.
)
LaTeX Font Info:    Trying to load font information for TS1+zpltlf on input line 34.
 (/usr/local/texlive/2020/texmf-dist/tex/latex/newpx/ts1zpltlf.fd
File: ts1zpltlf.fd 2015/01/18 v1.0 fd file for TS1/zpltlf
)
LaTeX Font Info:    Font shape `TS1/zpltlf/m/n' will be
(Font)              scaled to size 12.0pt on input line 34.
LaTeX Font Info:    Font shape `TS1/zpltlf/m/n' will be
(Font)              scaled to size 8.8pt on input line 34.
LaTeX Font Info:    Font shape `TS1/zpltlf/m/n' will be
(Font)              scaled to size 6.6pt on input line 34.
LaTeX Font Info:    Font shape `OT1/zpltlf/b/n' will be
(Font)              scaled to size 12.0pt on input line 34.
LaTeX Font Info:    Font shape `OT1/zpltlf/b/n' will be
(Font)              scaled to size 8.8pt on input line 34.
LaTeX Font Info:    Font shape `OT1/zpltlf/b/n' will be
(Font)              scaled to size 6.6pt on input line 34.
 [1

{/usr/local/texlive/2020/texmf-var/fonts/map/pdftex/updmap/pdftex.map}]
LaTeX Font Info:    Font shape `T1/zpltlf/m/sc' will be
(Font)              scaled to size 12.0pt on input line 174.
 [2]
LaTeX Font Info:    Font shape `T1/zpltlf/m/n' will be
(Font)              scaled to size 8.8pt on input line 179.
LaTeX Font Info:    Font shape `T1/zpltlf/m/n' will be
(Font)              scaled to size 6.6pt on input line 179.
 [3

] [4] [5] [6] [7] [8] [9] (/Users/jensen/Dropbox/teaching/_2021 BIOE 210/bioe210.github.io/guides/.texpadtmp/StudyGuideCh11a.aux) ) 
Here is how much of TeX's memory you used:
 18028 strings out of 480608
 341539 string characters out of 5903631
 717436 words of memory out of 5000000
 33517 multiletter control sequences out of 15000+600000
 574678 words of font info for 85 fonts, out of 8000000 for 9000
 1141 hyphenation exceptions out of 8191
 68i,18n,69p,874b,217s stack positions out of 5000i,500n,10000p,200000b,80000s
{/usr/local/texlive/2020/texmf-dist/fonts/enc/dvips/newtx/ntx-ec-tlf-sc.enc}{/usr/local/texlive/2020/texmf-dist/fonts/enc/dvips/newtx/ntx-ec-tlf.enc}{/usr/local/texlive/2020/texmf-dist/fonts/enc/dvips/newtx/ntx-ot1-tlf.enc}</usr/local/texlive/2020/texmf-dist/fonts/type1/public/newpx/NewPXMI.pfb></usr/local/texlive/2020/texmf-dist/fonts/type1/public/newpx/pxmiaX.pfb></usr/local/texlive/2020/texmf-dist/fonts/type1/public/newpx/pxsys.pfb></usr/local/texlive/2020/texmf-dist/fonts/type1/public/newtx/txexs.pfb></usr/local/texlive/2020/texmf-dist/fonts/type1/public/txfonts/txsyb.pfb></usr/local/texlive/2020/texmf-dist/fonts/type1/public/newpx/zplb.pfb></usr/local/texlive/2020/texmf-dist/fonts/type1/public/newpx/zplr.pfb>
Output written on "/Users/jensen/Dropbox/teaching/_2021 BIOE 210/bioe210.github.io/guides/.texpadtmp/StudyGuideCh11a.pdf" (9 pages, 86219 bytes).
PDF statistics:
 74 PDF objects out of 1000 (max. 8388607)
 55 compressed objects within 1 object stream
 0 named destinations out of 1000 (max. 500000)
 13 words of extra memory for PDF output out of 10000 (max. 10000000)

